<?xml version="1.0" encoding="UTF-8"?>
<testsuite name="agh.ics.oop.OptionsParserTest" tests="1" skipped="0" failures="0" errors="0" timestamp="2023-10-27T20:21:56" hostname="KTWSZ" time="0.014">
  <properties/>
  <testcase name="testParse()" classname="agh.ics.oop.OptionsParserTest" time="0.014"/>
  <system-out><![CDATA[]]></system-out>
  <system-err><![CDATA[]]></system-err>
</testsuite>
